Build started 16/12/2012 18:36:34.
     1>Project "D:\Master Vision Artificial\HSTI\Projects\hstisubject\HojaProblemasII\HojaProblemasII\HojaProblemasII.vcxproj" on node 2 (build target(s)).
     1>InitializeBuildStatus:
         Creating "Debug\HojaProblemasII.unsuccessfulbuild" because "AlwaysCreate" was specified.
       ClCompile:
         C:\Program Files (x86)\Microsoft Visual Studio 10.0\VC\bin\CL.exe /c /I"D:\Master Vision Artificial\HSTI\opencv\build\include" /ZI /nologo /W3 /WX- /Od /Oy- /D WIN32 /D _DEBUG /D _CONSOLE /D _MBCS /Gm /EHsc /RTC1 /MDd /GS /fp:precise /Zc:wchar_t /Zc:forScope /Fo"Debug\\" /Fd"Debug\vc100.pdb" /Gd /TP /analyze- /errorReport:prompt Ejercicio1.cpp Ejercicio5.cpp
         Ejercicio5.cpp
         Ejercicio1.cpp
         Generating Code...
       ManifestResourceCompile:
         All outputs are up-to-date.
       Link:
         C:\Program Files (x86)\Microsoft Visual Studio 10.0\VC\bin\link.exe /ERRORREPORT:PROMPT /OUT:"D:\Master Vision Artificial\HSTI\Projects\hstisubject\HojaProblemasII\Debug\HojaProblemasII.exe" /INCREMENTAL /NOLOGO /LIBPATH:"D:\Master Vision Artificial\HSTI\opencv\build\x86\vc10\lib" opencv_imgproc242.lib opencv_core242d.lib opencv_highgui242d.lib /MANIFEST /ManifestFile:"Debug\HojaProblemasII.exe.intermediate.manifest" /MANIFESTUAC:"level='asInvoker' uiAccess='false'" /DEBUG /PDB:"D:\Master Vision Artificial\HSTI\Projects\hstisubject\HojaProblemasII\Debug\HojaProblemasII.pdb" /SUBSYSTEM:CONSOLE /TLBID:1 /DYNAMICBASE /NXCOMPAT /IMPLIB:"D:\Master Vision Artificial\HSTI\Projects\hstisubject\HojaProblemasII\Debug\HojaProblemasII.lib" /MACHINE:X86 Debug\HojaProblemasII.exe.embed.manifest.res
         Debug\dft.obj
         Debug\Ejercicio1.obj
         Debug\Ejercicio2.obj
         Debug\Ejercicio5.obj
         Debug\Global.obj
         Debug\Ejercicio4.obj
       Manifest:
         C:\Program Files (x86)\Microsoft SDKs\Windows\v7.0A\bin\mt.exe /nologo /verbose /out:"Debug\HojaProblemasII.exe.embed.manifest" /manifest Debug\HojaProblemasII.exe.intermediate.manifest
         All outputs are up-to-date.
       LinkEmbedManifest:
         All outputs are up-to-date.
         HojaProblemasII.vcxproj -> D:\Master Vision Artificial\HSTI\Projects\hstisubject\HojaProblemasII\Debug\HojaProblemasII.exe
       FinalizeBuildStatus:
         Deleting file "Debug\HojaProblemasII.unsuccessfulbuild".
         Touching "Debug\HojaProblemasII.lastbuildstate".
     1>Done Building Project "D:\Master Vision Artificial\HSTI\Projects\hstisubject\HojaProblemasII\HojaProblemasII\HojaProblemasII.vcxproj" (build target(s)).

Build succeeded.

Time Elapsed 00:00:04.85
