D:\MASTER VISION ARTIFICIAL\HSTI\PROJECTS\HOJAPROBLEMASII\DEBUG\HOJAPROBLEMASII.EXE
D:\MASTER VISION ARTIFICIAL\HSTI\PROJECTS\HOJAPROBLEMASII\DEBUG\HOJAPROBLEMASII.ILK
D:\MASTER VISION ARTIFICIAL\HSTI\PROJECTS\HOJAPROBLEMASII\DEBUG\HOJAPROBLEMASII.PDB
D:\Master Vision Artificial\HSTI\Projects\HojaProblemasII\HojaProblemasII\Debug\cl.command.1.tlog
D:\Master Vision Artificial\HSTI\Projects\HojaProblemasII\HojaProblemasII\Debug\CL.read.1.tlog
D:\Master Vision Artificial\HSTI\Projects\HojaProblemasII\HojaProblemasII\Debug\CL.write.1.tlog
D:\MASTER VISION ARTIFICIAL\HSTI\PROJECTS\HOJAPROBLEMASII\HOJAPROBLEMASII\DEBUG\DFT.OBJ
D:\MASTER VISION ARTIFICIAL\HSTI\PROJECTS\HOJAPROBLEMASII\HOJAPROBLEMASII\DEBUG\EJERCICIO1.OBJ
D:\MASTER VISION ARTIFICIAL\HSTI\PROJECTS\HOJAPROBLEMASII\HOJAPROBLEMASII\DEBUG\EJERCICIO2.OBJ
D:\MASTER VISION ARTIFICIAL\HSTI\PROJECTS\HOJAPROBLEMASII\HOJAPROBLEMASII\DEBUG\EJERCICIO4.OBJ
D:\MASTER VISION ARTIFICIAL\HSTI\PROJECTS\HOJAPROBLEMASII\HOJAPROBLEMASII\DEBUG\EJERCICIO5.OBJ
D:\MASTER VISION ARTIFICIAL\HSTI\PROJECTS\HOJAPROBLEMASII\HOJAPROBLEMASII\DEBUG\HELLOWORLD.OBJ
D:\MASTER VISION ARTIFICIAL\HSTI\PROJECTS\HOJAPROBLEMASII\HOJAPROBLEMASII\DEBUG\HOJAPROBLEMASII.EXE.EMBED.MANIFEST
D:\MASTER VISION ARTIFICIAL\HSTI\PROJECTS\HOJAPROBLEMASII\HOJAPROBLEMASII\DEBUG\HOJAPROBLEMASII.EXE.EMBED.MANIFEST.RES
D:\MASTER VISION ARTIFICIAL\HSTI\PROJECTS\HOJAPROBLEMASII\HOJAPROBLEMASII\DEBUG\HOJAPROBLEMASII.EXE.INTERMEDIATE.MANIFEST
D:\Master Vision Artificial\HSTI\Projects\HojaProblemasII\HojaProblemasII\Debug\HojaProblemasII_manifest.rc
D:\Master Vision Artificial\HSTI\Projects\HojaProblemasII\HojaProblemasII\Debug\link.108532.read.1.tlog
D:\Master Vision Artificial\HSTI\Projects\HojaProblemasII\HojaProblemasII\Debug\link.108532.write.1.tlog
D:\Master Vision Artificial\HSTI\Projects\HojaProblemasII\HojaProblemasII\Debug\link.108532-cvtres.read.1.tlog
D:\Master Vision Artificial\HSTI\Projects\HojaProblemasII\HojaProblemasII\Debug\link.108532-cvtres.write.1.tlog
D:\Master Vision Artificial\HSTI\Projects\HojaProblemasII\HojaProblemasII\Debug\link.93616.read.1.tlog
D:\Master Vision Artificial\HSTI\Projects\HojaProblemasII\HojaProblemasII\Debug\link.93616.write.1.tlog
D:\Master Vision Artificial\HSTI\Projects\HojaProblemasII\HojaProblemasII\Debug\link.93616-cvtres.read.1.tlog
D:\Master Vision Artificial\HSTI\Projects\HojaProblemasII\HojaProblemasII\Debug\link.93616-cvtres.write.1.tlog
D:\Master Vision Artificial\HSTI\Projects\HojaProblemasII\HojaProblemasII\Debug\link.command.1.tlog
D:\Master Vision Artificial\HSTI\Projects\HojaProblemasII\HojaProblemasII\Debug\link.read.1.tlog
D:\Master Vision Artificial\HSTI\Projects\HojaProblemasII\HojaProblemasII\Debug\link.write.1.tlog
D:\Master Vision Artificial\HSTI\Projects\HojaProblemasII\HojaProblemasII\Debug\link-cvtres.read.1.tlog
D:\Master Vision Artificial\HSTI\Projects\HojaProblemasII\HojaProblemasII\Debug\link-cvtres.write.1.tlog
D:\Master Vision Artificial\HSTI\Projects\HojaProblemasII\HojaProblemasII\Debug\mt.command.1.tlog
D:\Master Vision Artificial\HSTI\Projects\HojaProblemasII\HojaProblemasII\Debug\mt.read.1.tlog
D:\Master Vision Artificial\HSTI\Projects\HojaProblemasII\HojaProblemasII\Debug\mt.write.1.tlog
D:\Master Vision Artificial\HSTI\Projects\HojaProblemasII\HojaProblemasII\Debug\rc.command.1.tlog
D:\Master Vision Artificial\HSTI\Projects\HojaProblemasII\HojaProblemasII\Debug\rc.read.1.tlog
D:\Master Vision Artificial\HSTI\Projects\HojaProblemasII\HojaProblemasII\Debug\rc.write.1.tlog
D:\Master Vision Artificial\HSTI\Projects\HojaProblemasII\HojaProblemasII\Debug\vc100.idb
D:\MASTER VISION ARTIFICIAL\HSTI\PROJECTS\HOJAPROBLEMASII\HOJAPROBLEMASII\DEBUG\VC100.PDB
